<?xml version="1.0" encoding="UTF-8"?>
<!-- Generated by org.testng.reporters.JUnitReportReporter -->
<testsuite hostname="DESKTOP-GI358GT" failures="0" tests="1" name="contact.CreateCon" time="0.029" errors="0" timestamp="2025-03-26T10:51:48 IST" skipped="0">
  <testcase classname="contact.CreateCon" name="createCon" time="0.029"/>
  <system-out/>
</testsuite> <!-- contact.CreateCon -->
