<?xml version="1.0" encoding="UTF-8"?>
<!-- Generated by org.testng.reporters.JUnitReportReporter -->
<testsuite hostname="DESKTOP-GI358GT" failures="0" tests="1" name="org.CreateOrgTest" time="0.015" errors="0" timestamp="2025-03-26T10:14:01 IST" skipped="0">
  <testcase classname="org.CreateOrgTest" name="createOrg" time="0.015"/>
  <system-out/>
</testsuite> <!-- org.CreateOrgTest -->
